Using pre-set license
Built from '2021.3/staging' branch; Version is '2021.3.5f1 (40eb3a945986) revision 4254522'; Using compiler version '192829333'; Build Type 'Release'
OS: 'Windows 11  (10.0.22000) 64bit Professional' Language: 'de' Physical Memory: 32666 MB
BatchMode: 1, IsHumanControllingUs: 0, StartBugReporterOnCrash: 0, Is64bit: 1, IsPro: 1

COMMAND LINE ARGUMENTS:
C:\Program Files\Unity\Hub\Editor\2021.3.5f1\Editor\Unity.exe
-adb2
-batchMode
-noUpm
-name
AssetImportWorker1
-projectPath
C:/Users/chris/Downloads/Truck&Trolly Unity-20220630T200456Z-001/Truck_Trolly Unity
-logFile
Logs/AssetImportWorker1.log
-srvPort
63863
Successfully changed project path to: C:/Users/chris/Downloads/Truck&Trolly Unity-20220630T200456Z-001/Truck_Trolly Unity
C:/Users/chris/Downloads/Truck&Trolly Unity-20220630T200456Z-001/Truck_Trolly Unity
[UnityMemory] Configuration Parameters - Can be set up in boot.config
    "memorysetup-bucket-allocator-granularity=16"
    "memorysetup-bucket-allocator-bucket-count=8"
    "memorysetup-bucket-allocator-block-size=33554432"
    "memorysetup-bucket-allocator-block-count=8"
    "memorysetup-main-allocator-block-size=16777216"
    "memorysetup-thread-allocator-block-size=16777216"
    "memorysetup-gfx-main-allocator-block-size=16777216"
    "memorysetup-gfx-thread-allocator-block-size=16777216"
    "memorysetup-cache-allocator-block-size=4194304"
    "memorysetup-typetree-allocator-block-size=2097152"
    "memorysetup-profiler-bucket-allocator-granularity=16"
    "memorysetup-profiler-bucket-allocator-bucket-count=8"
    "memorysetup-profiler-bucket-allocator-block-size=33554432"
    "memorysetup-profiler-bucket-allocator-block-count=8"
    "memorysetup-profiler-allocator-block-size=16777216"
    "memorysetup-profiler-editor-allocator-block-size=1048576"
    "memorysetup-temp-allocator-size-main=16777216"
    "memorysetup-job-temp-allocator-block-size=2097152"
    "memorysetup-job-temp-allocator-block-size-background=1048576"
    "memorysetup-job-temp-allocator-reduction-small-platforms=262144"
    "memorysetup-temp-allocator-size-background-worker=32768"
    "memorysetup-temp-allocator-size-job-worker=262144"
    "memorysetup-temp-allocator-size-preload-manager=33554432"
    "memorysetup-temp-allocator-size-nav-mesh-worker=65536"
    "memorysetup-temp-allocator-size-audio-worker=65536"
    "memorysetup-temp-allocator-size-cloud-worker=32768"
    "memorysetup-temp-allocator-size-gi-baking-worker=262144"
    "memorysetup-temp-allocator-size-gfx=262144"
Refreshing native plugins compatible for Editor in 117.72 ms, found 3 plugins.
Preloading 0 native plugins for Editor in 0.00 ms.
Initialize engine version: 2021.3.5f1 (40eb3a945986)
[Subsystems] Discovering subsystems at path C:/Program Files/Unity/Hub/Editor/2021.3.5f1/Editor/Data/Resources/UnitySubsystems
[Subsystems] Discovering subsystems at path C:/Users/chris/Downloads/Truck&Trolly Unity-20220630T200456Z-001/Truck_Trolly Unity/Assets
GfxDevice: creating device client; threaded=0; jobified=0
Direct3D:
    Version:  Direct3D 11.0 [level 11.1]
    Renderer: NVIDIA GeForce RTX 2070 with Max-Q Design (ID=0x1f10)
    Vendor:   NVIDIA
    VRAM:     8031 MB
    Driver:   25.21.14.1759
Initialize mono
Mono path[0] = 'C:/Program Files/Unity/Hub/Editor/2021.3.5f1/Editor/Data/Managed'
Mono path[1] = 'C:/Program Files/Unity/Hub/Editor/2021.3.5f1/Editor/Data/MonoBleedingEdge/lib/mono/unityjit-win32'
Mono config path = 'C:/Program Files/Unity/Hub/Editor/2021.3.5f1/Editor/Data/MonoBleedingEdge/etc'
Using monoOptions --debugger-agent=transport=dt_socket,embedding=1,server=y,suspend=n,address=127.0.0.1:56144
Begin MonoManager ReloadAssembly
Registering precompiled unity dll's ...
Register platform support module: C:/Program Files/Unity/Hub/Editor/2021.3.5f1/Editor/Data/PlaybackEngines/WindowsStandaloneSupport/UnityEditor.WindowsStandalone.Extensions.dll
Registered in 0.004507 seconds.
Native extension for WindowsStandalone target not found
Refreshing native plugins compatible for Editor in 88.98 ms, found 3 plugins.
Preloading 0 native plugins for Editor in 0.00 ms.
Mono: successfully reloaded assembly
- Completed reload, in  0.690 seconds
Domain Reload Profiling:
	ReloadAssembly (691ms)
		BeginReloadAssembly (75ms)
			ExecutionOrderSort (0ms)
			DisableScriptedObjects (0ms)
			BackupInstance (0ms)
			ReleaseScriptingObjects (0ms)
			CreateAndSetChildDomain (1ms)
		EndReloadAssembly (497ms)
			LoadAssemblies (73ms)
			RebuildTransferFunctionScriptingTraits (0ms)
			SetupTypeCache (112ms)
			ReleaseScriptCaches (0ms)
			RebuildScriptCaches (32ms)
			SetupLoadedEditorAssemblies (299ms)
				LogAssemblyErrors (0ms)
				InitializePlatformSupportModulesInManaged (7ms)
				SetLoadedEditorAssemblies (0ms)
				RefreshPlugins (89ms)
				BeforeProcessingInitializeOnLoad (1ms)
				ProcessInitializeOnLoadAttributes (149ms)
				ProcessInitializeOnLoadMethodAttributes (52ms)
				AfterProcessingInitializeOnLoad (0ms)
				EditorAssembliesLoaded (0ms)
			ExecutionOrderSort2 (0ms)
			AwakeInstancesAfterBackupRestoration (0ms)
Platform modules already initialized, skipping
Registering precompiled user dll's ...
Registered in 0.005877 seconds.
Begin MonoManager ReloadAssembly
Symbol file LoadedFromMemory doesn't match image C:\Users\chris\Downloads\Truck&Trolly Unity-20220630T200456Z-001\Truck_Trolly Unity\Library\PackageCache\com.unity.visualscripting@1.7.8\Editor\VisualScripting.Core\Dependencies\YamlDotNet\Unity.VisualScripting.YamlDotNet.dll
Symbol file LoadedFromMemory doesn't match image C:\Users\chris\Downloads\Truck&Trolly Unity-20220630T200456Z-001\Truck_Trolly Unity\Library\PackageCache\com.unity.visualscripting@1.7.8\Editor\VisualScripting.Core\Dependencies\DotNetZip\Unity.VisualScripting.IonicZip.dll
Native extension for WindowsStandalone target not found
Refreshing native plugins compatible for Editor in 0.59 ms, found 3 plugins.
Preloading 0 native plugins for Editor in 0.00 ms.
Mono: successfully reloaded assembly
- Completed reload, in  1.246 seconds
Domain Reload Profiling:
	ReloadAssembly (1246ms)
		BeginReloadAssembly (110ms)
			ExecutionOrderSort (0ms)
			DisableScriptedObjects (6ms)
			BackupInstance (0ms)
			ReleaseScriptingObjects (0ms)
			CreateAndSetChildDomain (19ms)
		EndReloadAssembly (1008ms)
			LoadAssemblies (75ms)
			RebuildTransferFunctionScriptingTraits (0ms)
			SetupTypeCache (316ms)
			ReleaseScriptCaches (1ms)
			RebuildScriptCaches (86ms)
			SetupLoadedEditorAssemblies (437ms)
				LogAssemblyErrors (0ms)
				InitializePlatformSupportModulesInManaged (6ms)
				SetLoadedEditorAssemblies (1ms)
				RefreshPlugins (1ms)
				BeforeProcessingInitializeOnLoad (96ms)
				ProcessInitializeOnLoadAttributes (290ms)
				ProcessInitializeOnLoadMethodAttributes (36ms)
				AfterProcessingInitializeOnLoad (7ms)
				EditorAssembliesLoaded (0ms)
			ExecutionOrderSort2 (0ms)
			AwakeInstancesAfterBackupRestoration (10ms)
Platform modules already initialized, skipping
========================================================================
Worker process is ready to serve import requests
Launched and connected shader compiler UnityShaderCompiler.exe after 0.05 seconds
Refreshing native plugins compatible for Editor in 1.39 ms, found 3 plugins.
Preloading 0 native plugins for Editor in 0.00 ms.
Unloading 3368 Unused Serialized files (Serialized files now loaded: 0)
Unloading 27 unused Assets / (111.3 KB). Loaded Objects now: 3827.
Memory consumption went from 117.2 MB to 117.1 MB.
Total: 3.548700 ms (FindLiveObjects: 0.300100 ms CreateObjectMapping: 0.239800 ms MarkObjects: 2.880400 ms  DeleteObjects: 0.127200 ms)

AssetImportParameters requested are different than current active one (requested -> active):
  custom:video-decoder-ogg-theora: a1e56fd34408186e4bbccfd4996cb3dc -> 
  custom:container-muxer-webm: aa71ff27fc2769a1b78a27578f13a17b -> 
  custom:container-demuxer-webm: 4f35f7cbe854078d1ac9338744f61a02 -> 
  custom:video-encoder-webm-vp8: eb34c28f22e8b96e1ab97ce403110664 -> 
  custom:audio-encoder-webm-vorbis: bf7c407c2cedff20999df2af8eb42d56 -> 
  custom:framework-win-MediaFoundation: 216162199b28c13a410421893ffa2e32 -> 
  custom:container-demuxer-ogg: 62fdf1f143b41e24485cea50d1cbac27 -> 
  custom:video-decoder-webm-vp8: 9c59270c3fd7afecdb556c50c9e8de78 -> 
  custom:audio-decoder-ogg-vorbis: bf7c407c2cedff20999df2af8eb42d56 -> 
========================================================================
Received Import Request.
  Time since last request: 524689.102499 seconds.
  path: Assets/Scenes/Tex/Truck_tex/chrome_metal_Height.png
  artifactKey: Guid(0e47b559aa1d3034d928b41674e09946) Importer(815301076,1909f56bfc062723c751e8b465ee728b)
Start importing Assets/Scenes/Tex/Truck_tex/chrome_metal_Height.png using Guid(0e47b559aa1d3034d928b41674e09946) Importer(815301076,1909f56bfc062723c751e8b465ee728b)  -> (artifact id: 'ad99e86b215cc3cd58598c07a3afbd86') in 0.113607 seconds 
========================================================================
Received Import Request.
  Time since last request: 0.000022 seconds.
  path: Assets/Scenes/Tex/Truck_tex/black_common_Normal.png
  artifactKey: Guid(c979bf5f3f183274eb42998daf7b2166) Importer(815301076,1909f56bfc062723c751e8b465ee728b)
Start importing Assets/Scenes/Tex/Truck_tex/black_common_Normal.png using Guid(c979bf5f3f183274eb42998daf7b2166) Importer(815301076,1909f56bfc062723c751e8b465ee728b)  -> (artifact id: 'd555d73492047e3f4dec4aa30fa4518c') in 0.036597 seconds 
========================================================================
Received Import Request.
  Time since last request: 0.000020 seconds.
  path: Assets/Scenes/Tex/Truck_tex/cabin_Normal.png
  artifactKey: Guid(a117013a40ff50140a76fa93fa41190c) Importer(815301076,1909f56bfc062723c751e8b465ee728b)
Start importing Assets/Scenes/Tex/Truck_tex/cabin_Normal.png using Guid(a117013a40ff50140a76fa93fa41190c) Importer(815301076,1909f56bfc062723c751e8b465ee728b)  -> (artifact id: '47a5fe48fcb4256a161be5225dd2b534') in 0.054174 seconds 
========================================================================
Received Import Request.
  Time since last request: 0.000030 seconds.
  path: Assets/Scenes/Tex/Truck_tex/black_common_Roughness.png
  artifactKey: Guid(ed34e02cea2ef7649b1ec6ca1547e0d8) Importer(815301076,1909f56bfc062723c751e8b465ee728b)
Start importing Assets/Scenes/Tex/Truck_tex/black_common_Roughness.png using Guid(ed34e02cea2ef7649b1ec6ca1547e0d8) Importer(815301076,1909f56bfc062723c751e8b465ee728b)  -> (artifact id: '606dd39876a27cdcfc19d59f6990de24') in 0.046047 seconds 
========================================================================
Received Import Request.
  Time since last request: 0.000036 seconds.
  path: Assets/Scenes/Tex/Truck_tex/black_common_Normal_DirectX.png
  artifactKey: Guid(48cef7f197b98d8448514e6f1a685dc4) Importer(815301076,1909f56bfc062723c751e8b465ee728b)
Start importing Assets/Scenes/Tex/Truck_tex/black_common_Normal_DirectX.png using Guid(48cef7f197b98d8448514e6f1a685dc4) Importer(815301076,1909f56bfc062723c751e8b465ee728b)  -> (artifact id: '3347ac491be14cd49ec331bab348bb8d') in 0.056459 seconds 
========================================================================
Received Import Request.
  Time since last request: 0.000026 seconds.
  path: Assets/Scenes/Tex/Truck_tex/cabin_Height.png
  artifactKey: Guid(4a8ebf9a2a4fbe34d85629e5cfd4cc2a) Importer(815301076,1909f56bfc062723c751e8b465ee728b)
Start importing Assets/Scenes/Tex/Truck_tex/cabin_Height.png using Guid(4a8ebf9a2a4fbe34d85629e5cfd4cc2a) Importer(815301076,1909f56bfc062723c751e8b465ee728b)  -> (artifact id: '2ca279ba1a6a77db34c7e9fee05e9222') in 0.047841 seconds 
========================================================================
Received Import Request.
  Time since last request: 0.000023 seconds.
  path: Assets/Scenes/Tex/Truck_tex/Black_Plastic_Roughness.png
  artifactKey: Guid(e31ffeaf36cd69847b279b203ecb69ab) Importer(815301076,1909f56bfc062723c751e8b465ee728b)
Start importing Assets/Scenes/Tex/Truck_tex/Black_Plastic_Roughness.png using Guid(e31ffeaf36cd69847b279b203ecb69ab) Importer(815301076,1909f56bfc062723c751e8b465ee728b)  -> (artifact id: '93a9d9c8e6d7dccd891a92038b79a910') in 0.032682 seconds 
========================================================================
Received Import Request.
  Time since last request: 0.000025 seconds.
  path: Assets/Scenes/Tex/Truck_tex/Black_Plastic_Normal.png
  artifactKey: Guid(2a079c47a9885d040b2b5a7b05defe35) Importer(815301076,1909f56bfc062723c751e8b465ee728b)
Start importing Assets/Scenes/Tex/Truck_tex/Black_Plastic_Normal.png using Guid(2a079c47a9885d040b2b5a7b05defe35) Importer(815301076,1909f56bfc062723c751e8b465ee728b)  -> (artifact id: '94fca040da9589f3a3851a24f78f85fe') in 0.029830 seconds 
========================================================================
Received Import Request.
  Time since last request: 0.000023 seconds.
  path: Assets/Scenes/Tex/Truck_tex/chrome_metal_Roughness.png
  artifactKey: Guid(3c829d775ae13be4692fa81520d9822f) Importer(815301076,1909f56bfc062723c751e8b465ee728b)
Start importing Assets/Scenes/Tex/Truck_tex/chrome_metal_Roughness.png using Guid(3c829d775ae13be4692fa81520d9822f) Importer(815301076,1909f56bfc062723c751e8b465ee728b)  -> (artifact id: '53fb4ed623c0e30c4d2f83d0e77257ec') in 0.034103 seconds 
========================================================================
Received Import Request.
  Time since last request: 0.000034 seconds.
  path: Assets/Scenes/Tex/Truck_tex/black_common_Height.png
  artifactKey: Guid(7488f588e959cfa4fb74b8511704f99f) Importer(815301076,1909f56bfc062723c751e8b465ee728b)
Start importing Assets/Scenes/Tex/Truck_tex/black_common_Height.png using Guid(7488f588e959cfa4fb74b8511704f99f) Importer(815301076,1909f56bfc062723c751e8b465ee728b)  -> (artifact id: '6fdef41b0bb3033bbb89b74bb2bbf997') in 0.033995 seconds 
========================================================================
Received Import Request.
  Time since last request: 48.029480 seconds.
  path: Assets/Scenes/Tex/sloppy-mortar-bricks_ao.png
  artifactKey: Guid(ae98e24a9761f654691de907d11f4027) Importer(815301076,1909f56bfc062723c751e8b465ee728b)
Start importing Assets/Scenes/Tex/sloppy-mortar-bricks_ao.png using Guid(ae98e24a9761f654691de907d11f4027) Importer(815301076,1909f56bfc062723c751e8b465ee728b)  -> (artifact id: '212ce2222b44fc40c354f1764ae16c12') in 0.015179 seconds 
========================================================================
Received Import Request.
  Time since last request: 0.000024 seconds.
  path: Assets/Scenes/Tex/sloppy-mortar-bricks_height.png
  artifactKey: Guid(7fc872bf92ccb524ca58f437300105e4) Importer(815301076,1909f56bfc062723c751e8b465ee728b)
Start importing Assets/Scenes/Tex/sloppy-mortar-bricks_height.png using Guid(7fc872bf92ccb524ca58f437300105e4) Importer(815301076,1909f56bfc062723c751e8b465ee728b)  -> (artifact id: '1a52d4de6529137ef4c238a6e58ac810') in 0.018049 seconds 
