Using pre-set license
Built from '2021.3/staging' branch; Version is '2021.3.5f1 (40eb3a945986) revision 4254522'; Using compiler version '192829333'; Build Type 'Release'
OS: 'Windows 11  (10.0.22000) 64bit Professional' Language: 'de' Physical Memory: 32666 MB
BatchMode: 1, IsHumanControllingUs: 0, StartBugReporterOnCrash: 0, Is64bit: 1, IsPro: 1

COMMAND LINE ARGUMENTS:
C:\Program Files\Unity\Hub\Editor\2021.3.5f1\Editor\Unity.exe
-adb2
-batchMode
-noUpm
-name
AssetImportWorker0
-projectPath
C:/Users/chris/Downloads/Truck&Trolly Unity-20220630T200456Z-001/Truck_Trolly Unity
-logFile
Logs/AssetImportWorker0.log
-srvPort
63863
Successfully changed project path to: C:/Users/chris/Downloads/Truck&Trolly Unity-20220630T200456Z-001/Truck_Trolly Unity
C:/Users/chris/Downloads/Truck&Trolly Unity-20220630T200456Z-001/Truck_Trolly Unity
[UnityMemory] Configuration Parameters - Can be set up in boot.config
    "memorysetup-bucket-allocator-granularity=16"
    "memorysetup-bucket-allocator-bucket-count=8"
    "memorysetup-bucket-allocator-block-size=33554432"
    "memorysetup-bucket-allocator-block-count=8"
    "memorysetup-main-allocator-block-size=16777216"
    "memorysetup-thread-allocator-block-size=16777216"
    "memorysetup-gfx-main-allocator-block-size=16777216"
    "memorysetup-gfx-thread-allocator-block-size=16777216"
    "memorysetup-cache-allocator-block-size=4194304"
    "memorysetup-typetree-allocator-block-size=2097152"
    "memorysetup-profiler-bucket-allocator-granularity=16"
    "memorysetup-profiler-bucket-allocator-bucket-count=8"
    "memorysetup-profiler-bucket-allocator-block-size=33554432"
    "memorysetup-profiler-bucket-allocator-block-count=8"
    "memorysetup-profiler-allocator-block-size=16777216"
    "memorysetup-profiler-editor-allocator-block-size=1048576"
    "memorysetup-temp-allocator-size-main=16777216"
    "memorysetup-job-temp-allocator-block-size=2097152"
    "memorysetup-job-temp-allocator-block-size-background=1048576"
    "memorysetup-job-temp-allocator-reduction-small-platforms=262144"
    "memorysetup-temp-allocator-size-background-worker=32768"
    "memorysetup-temp-allocator-size-job-worker=262144"
    "memorysetup-temp-allocator-size-preload-manager=33554432"
    "memorysetup-temp-allocator-size-nav-mesh-worker=65536"
    "memorysetup-temp-allocator-size-audio-worker=65536"
    "memorysetup-temp-allocator-size-cloud-worker=32768"
    "memorysetup-temp-allocator-size-gi-baking-worker=262144"
    "memorysetup-temp-allocator-size-gfx=262144"
Refreshing native plugins compatible for Editor in 119.01 ms, found 3 plugins.
Preloading 0 native plugins for Editor in 0.00 ms.
Initialize engine version: 2021.3.5f1 (40eb3a945986)
[Subsystems] Discovering subsystems at path C:/Program Files/Unity/Hub/Editor/2021.3.5f1/Editor/Data/Resources/UnitySubsystems
[Subsystems] Discovering subsystems at path C:/Users/chris/Downloads/Truck&Trolly Unity-20220630T200456Z-001/Truck_Trolly Unity/Assets
GfxDevice: creating device client; threaded=0; jobified=0
Direct3D:
    Version:  Direct3D 11.0 [level 11.1]
    Renderer: NVIDIA GeForce RTX 2070 with Max-Q Design (ID=0x1f10)
    Vendor:   NVIDIA
    VRAM:     8031 MB
    Driver:   25.21.14.1759
Initialize mono
Mono path[0] = 'C:/Program Files/Unity/Hub/Editor/2021.3.5f1/Editor/Data/Managed'
Mono path[1] = 'C:/Program Files/Unity/Hub/Editor/2021.3.5f1/Editor/Data/MonoBleedingEdge/lib/mono/unityjit-win32'
Mono config path = 'C:/Program Files/Unity/Hub/Editor/2021.3.5f1/Editor/Data/MonoBleedingEdge/etc'
Using monoOptions --debugger-agent=transport=dt_socket,embedding=1,server=y,suspend=n,address=127.0.0.1:56256
Begin MonoManager ReloadAssembly
Registering precompiled unity dll's ...
Register platform support module: C:/Program Files/Unity/Hub/Editor/2021.3.5f1/Editor/Data/PlaybackEngines/WindowsStandaloneSupport/UnityEditor.WindowsStandalone.Extensions.dll
Registered in 0.005122 seconds.
Native extension for WindowsStandalone target not found
Refreshing native plugins compatible for Editor in 90.60 ms, found 3 plugins.
Preloading 0 native plugins for Editor in 0.00 ms.
Mono: successfully reloaded assembly
- Completed reload, in  0.712 seconds
Domain Reload Profiling:
	ReloadAssembly (713ms)
		BeginReloadAssembly (74ms)
			ExecutionOrderSort (0ms)
			DisableScriptedObjects (0ms)
			BackupInstance (0ms)
			ReleaseScriptingObjects (0ms)
			CreateAndSetChildDomain (1ms)
		EndReloadAssembly (521ms)
			LoadAssemblies (72ms)
			RebuildTransferFunctionScriptingTraits (0ms)
			SetupTypeCache (115ms)
			ReleaseScriptCaches (0ms)
			RebuildScriptCaches (31ms)
			SetupLoadedEditorAssemblies (322ms)
				LogAssemblyErrors (0ms)
				InitializePlatformSupportModulesInManaged (7ms)
				SetLoadedEditorAssemblies (0ms)
				RefreshPlugins (91ms)
				BeforeProcessingInitializeOnLoad (2ms)
				ProcessInitializeOnLoadAttributes (164ms)
				ProcessInitializeOnLoadMethodAttributes (57ms)
				AfterProcessingInitializeOnLoad (0ms)
				EditorAssembliesLoaded (0ms)
			ExecutionOrderSort2 (0ms)
			AwakeInstancesAfterBackupRestoration (0ms)
Platform modules already initialized, skipping
Registering precompiled user dll's ...
Registered in 0.006492 seconds.
Begin MonoManager ReloadAssembly
Symbol file LoadedFromMemory doesn't match image C:\Users\chris\Downloads\Truck&Trolly Unity-20220630T200456Z-001\Truck_Trolly Unity\Library\PackageCache\com.unity.visualscripting@1.7.8\Editor\VisualScripting.Core\Dependencies\YamlDotNet\Unity.VisualScripting.YamlDotNet.dll
Symbol file LoadedFromMemory doesn't match image C:\Users\chris\Downloads\Truck&Trolly Unity-20220630T200456Z-001\Truck_Trolly Unity\Library\PackageCache\com.unity.visualscripting@1.7.8\Editor\VisualScripting.Core\Dependencies\DotNetZip\Unity.VisualScripting.IonicZip.dll
Native extension for WindowsStandalone target not found
Refreshing native plugins compatible for Editor in 0.59 ms, found 3 plugins.
Preloading 0 native plugins for Editor in 0.00 ms.
Mono: successfully reloaded assembly
- Completed reload, in  1.270 seconds
Domain Reload Profiling:
	ReloadAssembly (1271ms)
		BeginReloadAssembly (121ms)
			ExecutionOrderSort (0ms)
			DisableScriptedObjects (11ms)
			BackupInstance (0ms)
			ReleaseScriptingObjects (0ms)
			CreateAndSetChildDomain (24ms)
		EndReloadAssembly (1026ms)
			LoadAssemblies (76ms)
			RebuildTransferFunctionScriptingTraits (0ms)
			SetupTypeCache (339ms)
			ReleaseScriptCaches (1ms)
			RebuildScriptCaches (92ms)
			SetupLoadedEditorAssemblies (429ms)
				LogAssemblyErrors (0ms)
				InitializePlatformSupportModulesInManaged (5ms)
				SetLoadedEditorAssemblies (0ms)
				RefreshPlugins (1ms)
				BeforeProcessingInitializeOnLoad (89ms)
				ProcessInitializeOnLoadAttributes (288ms)
				ProcessInitializeOnLoadMethodAttributes (38ms)
				AfterProcessingInitializeOnLoad (8ms)
				EditorAssembliesLoaded (0ms)
			ExecutionOrderSort2 (0ms)
			AwakeInstancesAfterBackupRestoration (10ms)
Platform modules already initialized, skipping
========================================================================
Worker process is ready to serve import requests
Launched and connected shader compiler UnityShaderCompiler.exe after 0.05 seconds
Refreshing native plugins compatible for Editor in 1.67 ms, found 3 plugins.
Preloading 0 native plugins for Editor in 0.00 ms.
Unloading 3368 Unused Serialized files (Serialized files now loaded: 0)
Unloading 27 unused Assets / (111.3 KB). Loaded Objects now: 3827.
Memory consumption went from 117.2 MB to 117.1 MB.
Total: 3.856000 ms (FindLiveObjects: 0.326000 ms CreateObjectMapping: 0.356100 ms MarkObjects: 3.036000 ms  DeleteObjects: 0.136100 ms)

AssetImportParameters requested are different than current active one (requested -> active):
  custom:video-decoder-ogg-theora: a1e56fd34408186e4bbccfd4996cb3dc -> 
  custom:container-muxer-webm: aa71ff27fc2769a1b78a27578f13a17b -> 
  custom:container-demuxer-webm: 4f35f7cbe854078d1ac9338744f61a02 -> 
  custom:video-encoder-webm-vp8: eb34c28f22e8b96e1ab97ce403110664 -> 
  custom:audio-encoder-webm-vorbis: bf7c407c2cedff20999df2af8eb42d56 -> 
  custom:framework-win-MediaFoundation: 216162199b28c13a410421893ffa2e32 -> 
  custom:container-demuxer-ogg: 62fdf1f143b41e24485cea50d1cbac27 -> 
  custom:video-decoder-webm-vp8: 9c59270c3fd7afecdb556c50c9e8de78 -> 
  custom:audio-decoder-ogg-vorbis: bf7c407c2cedff20999df2af8eb42d56 -> 
========================================================================
Received Import Request.
  Time since last request: 524689.104625 seconds.
  path: Assets/Scenes/Tex/Truck_tex/cabin_Roughness.png
  artifactKey: Guid(87ef77864b2345a44887870d5258dd42) Importer(815301076,1909f56bfc062723c751e8b465ee728b)
Start importing Assets/Scenes/Tex/Truck_tex/cabin_Roughness.png using Guid(87ef77864b2345a44887870d5258dd42) Importer(815301076,1909f56bfc062723c751e8b465ee728b)  -> (artifact id: '7987dc0e1cd3466bff2cdcad62afa75b') in 0.131789 seconds 
========================================================================
Received Import Request.
  Time since last request: 0.000024 seconds.
  path: Assets/Scenes/Tex/Truck_tex/chrome_metal_Normal.png
  artifactKey: Guid(e0e9302e26c9a12439a9d122adf166d0) Importer(815301076,1909f56bfc062723c751e8b465ee728b)
Start importing Assets/Scenes/Tex/Truck_tex/chrome_metal_Normal.png using Guid(e0e9302e26c9a12439a9d122adf166d0) Importer(815301076,1909f56bfc062723c751e8b465ee728b)  -> (artifact id: 'e181a286e2b846d2e254c52466a78977') in 0.045495 seconds 
========================================================================
Received Import Request.
  Time since last request: 0.000035 seconds.
  path: Assets/Scenes/Tex/Truck_tex/Black_Plastic_Metallic.png
  artifactKey: Guid(9957815a8ee66ce41bb08ac47ecc256e) Importer(815301076,1909f56bfc062723c751e8b465ee728b)
Start importing Assets/Scenes/Tex/Truck_tex/Black_Plastic_Metallic.png using Guid(9957815a8ee66ce41bb08ac47ecc256e) Importer(815301076,1909f56bfc062723c751e8b465ee728b)  -> (artifact id: 'f51726df047e1f7cad7644b1e82a144e') in 0.050387 seconds 
========================================================================
Received Import Request.
  Time since last request: 0.000023 seconds.
  path: Assets/Scenes/Tex/Truck_tex/cabin_Normal_DirectX.png
  artifactKey: Guid(2560d04cfbaabb04d9cf667a39afb316) Importer(815301076,1909f56bfc062723c751e8b465ee728b)
Start importing Assets/Scenes/Tex/Truck_tex/cabin_Normal_DirectX.png using Guid(2560d04cfbaabb04d9cf667a39afb316) Importer(815301076,1909f56bfc062723c751e8b465ee728b)  -> (artifact id: '8472948fc43291059cf76ccb9adecf12') in 0.040104 seconds 
========================================================================
Received Import Request.
  Time since last request: 0.000043 seconds.
  path: Assets/Scenes/Tex/Truck_tex/Black_Plastic_Height.png
  artifactKey: Guid(143761a02aee6d847afb7fee7d7b9fb5) Importer(815301076,1909f56bfc062723c751e8b465ee728b)
Start importing Assets/Scenes/Tex/Truck_tex/Black_Plastic_Height.png using Guid(143761a02aee6d847afb7fee7d7b9fb5) Importer(815301076,1909f56bfc062723c751e8b465ee728b)  -> (artifact id: 'fb944e09ff49facd1de38db69f1a65cc') in 0.043140 seconds 
========================================================================
Received Import Request.
  Time since last request: 0.000030 seconds.
  path: Assets/Scenes/Tex/Truck_tex/Lights_Base_Color.png
  artifactKey: Guid(a71bf0a635042d747b908c5314763647) Importer(815301076,1909f56bfc062723c751e8b465ee728b)
Start importing Assets/Scenes/Tex/Truck_tex/Lights_Base_Color.png using Guid(a71bf0a635042d747b908c5314763647) Importer(815301076,1909f56bfc062723c751e8b465ee728b)  -> (artifact id: 'c299c0b84550420e9e53471f9a6d833a') in 0.035061 seconds 
========================================================================
Received Import Request.
  Time since last request: 0.000025 seconds.
  path: Assets/Scenes/Tex/Truck_tex/chrome_metal_Metallic.png
  artifactKey: Guid(7a86da56d961f85468523092eb9b441e) Importer(815301076,1909f56bfc062723c751e8b465ee728b)
Start importing Assets/Scenes/Tex/Truck_tex/chrome_metal_Metallic.png using Guid(7a86da56d961f85468523092eb9b441e) Importer(815301076,1909f56bfc062723c751e8b465ee728b)  -> (artifact id: '6193d7048f55b871748be86521166479') in 0.034972 seconds 
========================================================================
Received Import Request.
  Time since last request: 0.000025 seconds.
  path: Assets/Scenes/Tex/Truck_tex/chrome_metal_Normal_DirectX.png
  artifactKey: Guid(60d34db0897ba104ca5f3440596daf03) Importer(815301076,1909f56bfc062723c751e8b465ee728b)
Start importing Assets/Scenes/Tex/Truck_tex/chrome_metal_Normal_DirectX.png using Guid(60d34db0897ba104ca5f3440596daf03) Importer(815301076,1909f56bfc062723c751e8b465ee728b)  -> (artifact id: '0631880f4cda1f94987bbe1fa82b4d5b') in 0.032416 seconds 
========================================================================
Received Import Request.
  Time since last request: 0.000021 seconds.
  path: Assets/Scenes/Tex/Truck_tex/cabin_Metallic.png
  artifactKey: Guid(7d315091e53bcf44ba6e23b630a4367e) Importer(815301076,1909f56bfc062723c751e8b465ee728b)
Start importing Assets/Scenes/Tex/Truck_tex/cabin_Metallic.png using Guid(7d315091e53bcf44ba6e23b630a4367e) Importer(815301076,1909f56bfc062723c751e8b465ee728b)  -> (artifact id: 'dbd000395cb1bc964da7f557a287d0e7') in 0.039285 seconds 
========================================================================
Received Import Request.
  Time since last request: 28.344764 seconds.
  path: Assets/Scenes/Tex/sloppy-mortar-bricks_roughness.png
  artifactKey: Guid(5c694003c853c0f44afe52850b5bf63a) Importer(815301076,1909f56bfc062723c751e8b465ee728b)
Start importing Assets/Scenes/Tex/sloppy-mortar-bricks_roughness.png using Guid(5c694003c853c0f44afe52850b5bf63a) Importer(815301076,1909f56bfc062723c751e8b465ee728b)  -> (artifact id: 'ddacfdac2dd0d522ca912f1dc2b31959') in 0.016142 seconds 
========================================================================
Received Import Request.
  Time since last request: 19.690207 seconds.
  path: Assets/Scenes/Tex/sloppy-mortar-bricks_albedo.png
  artifactKey: Guid(55839482c3b013d43a195179db0c4b87) Importer(815301076,1909f56bfc062723c751e8b465ee728b)
Start importing Assets/Scenes/Tex/sloppy-mortar-bricks_albedo.png using Guid(55839482c3b013d43a195179db0c4b87) Importer(815301076,1909f56bfc062723c751e8b465ee728b)  -> (artifact id: 'daa22b5b82670dfea0155fa7d08b12e4') in 0.015595 seconds 
========================================================================
Received Import Request.
  Time since last request: 0.000022 seconds.
  path: Assets/Scenes/Tex/sloppy-mortar-bricks_normal-ogl.png
  artifactKey: Guid(4ef049189054a514dbd8a8166818a239) Importer(815301076,1909f56bfc062723c751e8b465ee728b)
Start importing Assets/Scenes/Tex/sloppy-mortar-bricks_normal-ogl.png using Guid(4ef049189054a514dbd8a8166818a239) Importer(815301076,1909f56bfc062723c751e8b465ee728b)  -> (artifact id: 'aca87965564961cb716f7d7a0deed083') in 0.018998 seconds 
